<?xml version="1.0" encoding="UTF-8"?>
<testng-results skipped="0" failed="0" total="2" passed="2">
  <reporter-output>
  </reporter-output>
  <suite name="Default suite" duration-ms="47" started-at="2015-01-25T09:54:56Z" finished-at="2015-01-25T09:54:56Z">
    <groups>
    </groups>
    <test name="Default test" duration-ms="47" started-at="2015-01-25T09:54:56Z" finished-at="2015-01-25T09:54:56Z">
      <class name="TestForDebug.TestForNG">
        <test-method status="PASS" signature="testCat()[pri:0, instance:TestForDebug.TestForNG@217dc8]" name="testCat" duration-ms="15" started-at="2015-01-25T17:54:56Z" finished-at="2015-01-25T17:54:56Z">
          <reporter-output>
          </reporter-output>
        </test-method> <!-- testCat -->
        <test-method status="PASS" signature="testCat2()[pri:0, instance:TestForDebug.TestForNG@217dc8]" name="testCat2" duration-ms="16" started-at="2015-01-25T17:54:56Z" finished-at="2015-01-25T17:54:56Z">
          <reporter-output>
          </reporter-output>
        </test-method> <!-- testCat2 -->
      </class> <!-- TestForDebug.TestForNG -->
    </test> <!-- Default test -->
  </suite> <!-- Default suite -->
</testng-results>
