<?xml version="1.0" encoding="UTF-8"?>
<testng-results skipped="0" failed="0" total="1" passed="1">
  <reporter-output>
  </reporter-output>
  <suite name="Default suite" duration-ms="16" started-at="2015-01-20T02:47:47Z" finished-at="2015-01-20T02:47:47Z">
    <groups>
    </groups>
    <test name="Default test" duration-ms="16" started-at="2015-01-20T02:47:47Z" finished-at="2015-01-20T02:47:47Z">
      <class name="TestForDebug.TestForNG">
        <test-method status="PASS" signature="testCat()[pri:0, instance:TestForDebug.TestForNG@586b736f]" name="testCat" duration-ms="16" started-at="2015-01-20T10:47:47Z" finished-at="2015-01-20T10:47:47Z">
          <reporter-output>
          </reporter-output>
        </test-method> <!-- testCat -->
      </class> <!-- TestForDebug.TestForNG -->
    </test> <!-- Default test -->
  </suite> <!-- Default suite -->
</testng-results>
